<?xml version="1.0" encoding="UTF-8"?>
<testsuite xmlns:xsi="http://www.w3.org/2001/XMLSchema-instance" xsi:noNamespaceSchemaLocation="https://maven.apache.org/surefire/maven-surefire-plugin/xsd/surefire-test-report.xsd" name="MyTest" time="0.088" tests="30" errors="0" skipped="0" failures="0">
  <properties>
[...]
</properties>
  <testcase name="getRandom20" classname="MyTest" time="0.029"/>
  <testcase name="getMoneySpots4_4" classname="MyTest" time="0"/>
  <testcase name="getMoneySpots8_3" classname="MyTest" time="0.001"/>
  <testcase name="getMoneySpots8_4" classname="MyTest" time="0.001"/>
  <testcase name="getMoneySpots8_5" classname="MyTest" time="0"/>
  <testcase name="getMoneySpots8_6" classname="MyTest" time="0"/>
  <testcase name="getMoneySpots8_7" classname="MyTest" time="0.001"/>
  <testcase name="getMoneySpots8_8" classname="MyTest" time="0"/>
  <testcase name="getMoneySpots10_10" classname="MyTest" time="0.001"/>
  <testcase name="getNumbersForUserS10" classname="MyTest" time="0.009"/>
  <testcase name="getRandom20Round1" classname="MyTest" time="0.01"/>
  <testcase name="getRandom20Round2" classname="MyTest" time="0"/>
  <testcase name="getRandom20Round3" classname="MyTest" time="0"/>
  <testcase name="getRandom20Round4" classname="MyTest" time="0"/>
  <testcase name="getNumbersForUserS1_1" classname="MyTest" time="0.001"/>
  <testcase name="getNumbersForUserS1_2" classname="MyTest" time="0"/>
  <testcase name="getNumbersForUserS1_3" classname="MyTest" time="0.001"/>
  <testcase name="getNumbersForUserS1_4" classname="MyTest" time="0"/>
  <testcase name="getNumbersForUserS4_1" classname="MyTest" time="0.003"/>
  <testcase name="getNumbersForUserS4_2" classname="MyTest" time="0.004"/>
  <testcase name="getNumbersForUserS4_3" classname="MyTest" time="0.002"/>
  <testcase name="getNumbersForUserS8_1" classname="MyTest" time="0.005"/>
  <testcase name="getNumbersForUserS8_2" classname="MyTest" time="0.006"/>
  <testcase name="getMoneySpots10_0" classname="MyTest" time="0"/>
  <testcase name="getMoneySpots10_4" classname="MyTest" time="0"/>
  <testcase name="getMoneySpots10_5" classname="MyTest" time="0"/>
  <testcase name="getMoneySpots10_6" classname="MyTest" time="0"/>
  <testcase name="getMoneySpots10_7" classname="MyTest" time="0"/>
  <testcase name="getMoneySpots10_8" classname="MyTest" time="0"/>
  <testcase name="getMoneySpots10_9" classname="MyTest" time="0"/>
</testsuite>